# JRE version: OpenJDK Runtime Environment (21.0.5) (build 21.0.5+-12932927-b750.29)
# Java VM: OpenJDK 64-Bit Server VM (21.0.5+-12932927-b750.29, mixed mode, tiered, compressed oops, compressed class ptrs, g1 gc, windows-amd64)
GC Precious Log:
 CardTable entry size: 512
 Card Set container configuration: InlinePtr #cards 5 size 8 Array Of Cards #cards 12 size 40 Howl #buckets 4 coarsen threshold 1843 Howl Bitmap #cards 512 size 80 coarsen threshold 460 Card regions per heap region 1 cards per card region 2048
 CPUs: 8 total, 8 available
 Memory: 7103M
 Large Page Support: Disabled
 NUMA Support: Disabled
 Compressed Oops: Enabled (32-bit)
 Heap Region Size: 1M
 Heap Min Capacity: 8M
 Heap Initial Capacity: 112M
 Heap Max Capacity: 2G
 Pre-touch: Disabled
 Parallel Workers: 8
 Concurrent Workers: 2
 Concurrent Refinement Workers: 8
 Periodic GC: Disabled
Heap:
 garbage-first heap   total 119808K, used 75710K [0x0000000080000000, 0x0000000100000000)
  region size 1024K, 15 young (15360K), 4 survivors (4096K)
 Metaspace       used 71631K, committed 73344K, reserved 1114112K
  class space    used 9566K, committed 10368K, reserved 1048576K
GC Heap History (20 events):
Event: 26.771 GC heap before
{Heap before GC invocations=10 (full 0):
 garbage-first heap   total 92160K, used 82074K [0x0000000080000000, 0x0000000100000000)
  region size 1024K, 53 young (54272K), 8 survivors (8192K)
 Metaspace       used 48849K, committed 50048K, reserved 1114112K
  class space    used 6483K, committed 7104K, reserved 1048576K
}
Event: 26.781 GC heap after
{Heap after GC invocations=11 (full 0):
 garbage-first heap   total 97280K, used 35995K [0x0000000080000000, 0x0000000100000000)
  region size 1024K, 5 young (5120K), 5 survivors (5120K)
 Metaspace       used 48849K, committed 50048K, reserved 1114112K
  class space    used 6483K, committed 7104K, reserved 1048576K
}
Event: 27.579 GC heap before
{Heap before GC invocations=11 (full 0):
 garbage-first heap   total 97280K, used 83099K [0x0000000080000000, 0x0000000100000000)
  region size 1024K, 51 young (52224K), 5 survivors (5120K)
 Metaspace       used 54634K, committed 56064K, reserved 1114112K
  class space    used 7380K, committed 8064K, reserved 1048576K
}
Event: 27.585 GC heap after
{Heap after GC invocations=12 (full 0):
 garbage-first heap   total 97280K, used 39238K [0x0000000080000000, 0x0000000100000000)
  region size 1024K, 4 young (4096K), 4 survivors (4096K)
 Metaspace       used 54634K, committed 56064K, reserved 1114112K
  class space    used 7380K, committed 8064K, reserved 1048576K
}
Event: 28.134 GC heap before
{Heap before GC invocations=12 (full 0):
 garbage-first heap   total 97280K, used 70982K [0x0000000080000000, 0x0000000100000000)
  region size 1024K, 35 young (35840K), 4 survivors (4096K)
 Metaspace       used 59266K, committed 60800K, reserved 1114112K
  class space    used 7994K, committed 8768K, reserved 1048576K
}
Event: 28.138 GC heap after
{Heap after GC invocations=13 (full 0):
 garbage-first heap   total 97280K, used 40909K [0x0000000080000000, 0x0000000100000000)
  region size 1024K, 2 young (2048K), 2 survivors (2048K)
 Metaspace       used 59266K, committed 60800K, reserved 1114112K
  class space    used 7994K, committed 8768K, reserved 1048576K
}
Event: 29.394 GC heap before
{Heap before GC invocations=14 (full 0):
 garbage-first heap   total 97280K, used 84941K [0x0000000080000000, 0x0000000100000000)
  region size 1024K, 46 young (47104K), 2 survivors (2048K)
 Metaspace       used 65991K, committed 67648K, reserved 1114112K
  class space    used 8933K, committed 9728K, reserved 1048576K
}
Event: 29.401 GC heap after
{Heap after GC invocations=15 (full 0):
 garbage-first heap   total 97280K, used 45334K [0x0000000080000000, 0x0000000100000000)
  region size 1024K, 6 young (6144K), 6 survivors (6144K)
 Metaspace       used 65991K, committed 67648K, reserved 1114112K
  class space    used 8933K, committed 9728K, reserved 1048576K
}
Event: 30.880 GC heap before
{Heap before GC invocations=15 (full 0):
 garbage-first heap   total 97280K, used 83222K [0x0000000080000000, 0x0000000100000000)
  region size 1024K, 44 young (45056K), 6 survivors (6144K)
 Metaspace       used 67667K, committed 69312K, reserved 1114112K
  class space    used 9110K, committed 9920K, reserved 1048576K
}
Event: 30.889 GC heap after
{Heap after GC invocations=16 (full 0):
 garbage-first heap   total 97280K, used 51014K [0x0000000080000000, 0x0000000100000000)
  region size 1024K, 6 young (6144K), 6 survivors (6144K)
 Metaspace       used 67667K, committed 69312K, reserved 1114112K
  class space    used 9110K, committed 9920K, reserved 1048576K
}
Event: 31.466 GC heap before
{Heap before GC invocations=16 (full 0):
 garbage-first heap   total 97280K, used 83782K [0x0000000080000000, 0x0000000100000000)
  region size 1024K, 39 young (39936K), 6 survivors (6144K)
 Metaspace       used 68105K, committed 69760K, reserved 1114112K
  class space    used 9137K, committed 9920K, reserved 1048576K
}
Event: 31.471 GC heap after
{Heap after GC invocations=17 (full 0):
 garbage-first heap   total 97280K, used 52487K [0x0000000080000000, 0x0000000100000000)
  region size 1024K, 4 young (4096K), 4 survivors (4096K)
 Metaspace       used 68105K, committed 69760K, reserved 1114112K
  class space    used 9137K, committed 9920K, reserved 1048576K
}
Event: 31.769 GC heap before
{Heap before GC invocations=18 (full 0):
 garbage-first heap   total 97280K, used 85255K [0x0000000080000000, 0x0000000100000000)
  region size 1024K, 37 young (37888K), 4 survivors (4096K)
 Metaspace       used 68223K, committed 69824K, reserved 1114112K
  class space    used 9137K, committed 9920K, reserved 1048576K
}
Event: 31.773 GC heap after
{Heap after GC invocations=19 (full 0):
 garbage-first heap   total 97280K, used 53532K [0x0000000080000000, 0x0000000100000000)
  region size 1024K, 4 young (4096K), 4 survivors (4096K)
 Metaspace       used 68223K, committed 69824K, reserved 1114112K
  class space    used 9137K, committed 9920K, reserved 1048576K
}
Event: 32.136 GC heap before
{Heap before GC invocations=19 (full 0):
 garbage-first heap   total 97280K, used 88348K [0x0000000080000000, 0x0000000100000000)
  region size 1024K, 36 young (36864K), 4 survivors (4096K)
 Metaspace       used 68553K, committed 70208K, reserved 1114112K
  class space    used 9180K, committed 9984K, reserved 1048576K
}
Event: 32.142 GC heap after
{Heap after GC invocations=20 (full 0):
 garbage-first heap   total 99328K, used 60124K [0x0000000080000000, 0x0000000100000000)
  region size 1024K, 5 young (5120K), 5 survivors (5120K)
 Metaspace       used 68553K, committed 70208K, reserved 1114112K
  class space    used 9180K, committed 9984K, reserved 1048576K
}
Event: 32.156 GC heap before
{Heap before GC invocations=20 (full 0):
 garbage-first heap   total 99328K, used 60124K [0x0000000080000000, 0x0000000100000000)
  region size 1024K, 6 young (6144K), 5 survivors (5120K)
 Metaspace       used 68553K, committed 70208K, reserved 1114112K
  class space    used 9180K, committed 9984K, reserved 1048576K
}
Event: 32.160 GC heap after
{Heap after GC invocations=21 (full 0):
 garbage-first heap   total 119808K, used 60949K [0x0000000080000000, 0x0000000100000000)
  region size 1024K, 1 young (1024K), 1 survivors (1024K)
 Metaspace       used 68553K, committed 70208K, reserved 1114112K
  class space    used 9180K, committed 9984K, reserved 1048576K
}
Event: 32.819 GC heap before
{Heap before GC invocations=22 (full 0):
 garbage-first heap   total 119808K, used 93717K [0x0000000080000000, 0x0000000100000000)
  region size 1024K, 30 young (30720K), 1 survivors (1024K)
 Metaspace       used 70726K, committed 72384K, reserved 1114112K
  class space    used 9443K, committed 10240K, reserved 1048576K
}
Event: 32.821 GC heap after
{Heap after GC invocations=23 (full 0):
 garbage-first heap   total 119808K, used 66494K [0x0000000080000000, 0x0000000100000000)
  region size 1024K, 4 young (4096K), 4 survivors (4096K)
 Metaspace       used 70726K, committed 72384K, reserved 1114112K
  class space    used 9443K, committed 10240K, reserved 1048576K
}

