# JRE version: OpenJDK Runtime Environment (21.0.5) (build 21.0.5+-12932927-b750.29)
# Java VM: OpenJDK 64-Bit Server VM (21.0.5+-12932927-b750.29, mixed mode, tiered, compressed oops, compressed class ptrs, g1 gc, windows-amd64)
GC Precious Log:
 CardTable entry size: 512
 Card Set container configuration: InlinePtr #cards 5 size 8 Array Of Cards #cards 12 size 40 Howl #buckets 4 coarsen threshold 1843 Howl Bitmap #cards 512 size 80 coarsen threshold 460 Card regions per heap region 1 cards per card region 2048
 CPUs: 8 total, 8 available
 Memory: 7103M
 Large Page Support: Disabled
 NUMA Support: Disabled
 Compressed Oops: Enabled (32-bit)
 Heap Region Size: 1M
 Heap Min Capacity: 8M
 Heap Initial Capacity: 112M
 Heap Max Capacity: 2G
 Pre-touch: Disabled
 Parallel Workers: 8
 Concurrent Workers: 2
 Concurrent Refinement Workers: 8
 Periodic GC: Disabled
Heap:
 garbage-first heap   total 168960K, used 113110K [0x0000000080000000, 0x0000000100000000)
  region size 1024K, 16 young (16384K), 5 survivors (5120K)
 Metaspace       used 105712K, committed 107776K, reserved 1179648K
  class space    used 14313K, committed 15360K, reserved 1048576K
GC Heap History (20 events):
Event: 89.192 GC heap before
{Heap before GC invocations=27 (full 0):
 garbage-first heap   total 135168K, used 111576K [0x0000000080000000, 0x0000000100000000)
  region size 1024K, 35 young (35840K), 4 survivors (4096K)
 Metaspace       used 85296K, committed 87104K, reserved 1179648K
  class space    used 11374K, committed 12288K, reserved 1048576K
}
Event: 89.196 GC heap after
{Heap after GC invocations=28 (full 0):
 garbage-first heap   total 135168K, used 82456K [0x0000000080000000, 0x0000000100000000)
  region size 1024K, 2 young (2048K), 2 survivors (2048K)
 Metaspace       used 85296K, committed 87104K, reserved 1179648K
  class space    used 11374K, committed 12288K, reserved 1048576K
}
Event: 89.785 GC heap before
{Heap before GC invocations=28 (full 0):
 garbage-first heap   total 135168K, used 123416K [0x0000000080000000, 0x0000000100000000)
  region size 1024K, 42 young (43008K), 2 survivors (2048K)
 Metaspace       used 88585K, committed 90432K, reserved 1179648K
  class space    used 11962K, committed 12928K, reserved 1048576K
}
Event: 89.789 GC heap after
{Heap after GC invocations=29 (full 0):
 garbage-first heap   total 135168K, used 82065K [0x0000000080000000, 0x0000000100000000)
  region size 1024K, 3 young (3072K), 3 survivors (3072K)
 Metaspace       used 88585K, committed 90432K, reserved 1179648K
  class space    used 11962K, committed 12928K, reserved 1048576K
}
Event: 90.431 GC heap before
{Heap before GC invocations=29 (full 0):
 garbage-first heap   total 135168K, used 123025K [0x0000000080000000, 0x0000000100000000)
  region size 1024K, 43 young (44032K), 3 survivors (3072K)
 Metaspace       used 91768K, committed 93632K, reserved 1179648K
  class space    used 12368K, committed 13312K, reserved 1048576K
}
Event: 90.436 GC heap after
{Heap after GC invocations=30 (full 0):
 garbage-first heap   total 135168K, used 83451K [0x0000000080000000, 0x0000000100000000)
  region size 1024K, 4 young (4096K), 4 survivors (4096K)
 Metaspace       used 91768K, committed 93632K, reserved 1179648K
  class space    used 12368K, committed 13312K, reserved 1048576K
}
Event: 91.104 GC heap before
{Heap before GC invocations=31 (full 0):
 garbage-first heap   total 140288K, used 122363K [0x0000000080000000, 0x0000000100000000)
  region size 1024K, 42 young (43008K), 4 survivors (4096K)
 Metaspace       used 94783K, committed 96768K, reserved 1179648K
  class space    used 12836K, committed 13824K, reserved 1048576K
}
Event: 91.111 GC heap after
{Heap after GC invocations=32 (full 0):
 garbage-first heap   total 140288K, used 85759K [0x0000000080000000, 0x0000000100000000)
  region size 1024K, 6 young (6144K), 6 survivors (6144K)
 Metaspace       used 94783K, committed 96768K, reserved 1179648K
  class space    used 12836K, committed 13824K, reserved 1048576K
}
Event: 92.002 GC heap before
{Heap before GC invocations=32 (full 0):
 garbage-first heap   total 140288K, used 124671K [0x0000000080000000, 0x0000000100000000)
  region size 1024K, 44 young (45056K), 6 survivors (6144K)
 Metaspace       used 97815K, committed 99840K, reserved 1179648K
  class space    used 13316K, committed 14336K, reserved 1048576K
}
Event: 92.009 GC heap after
{Heap after GC invocations=33 (full 0):
 garbage-first heap   total 140288K, used 87124K [0x0000000080000000, 0x0000000100000000)
  region size 1024K, 5 young (5120K), 5 survivors (5120K)
 Metaspace       used 97815K, committed 99840K, reserved 1179648K
  class space    used 13316K, committed 14336K, reserved 1048576K
}
Event: 92.611 GC heap before
{Heap before GC invocations=33 (full 0):
 garbage-first heap   total 140288K, used 126036K [0x0000000080000000, 0x0000000100000000)
  region size 1024K, 43 young (44032K), 5 survivors (5120K)
 Metaspace       used 100996K, committed 103040K, reserved 1179648K
  class space    used 13713K, committed 14720K, reserved 1048576K
}
Event: 92.617 GC heap after
{Heap after GC invocations=34 (full 0):
 garbage-first heap   total 140288K, used 90446K [0x0000000080000000, 0x0000000100000000)
  region size 1024K, 5 young (5120K), 5 survivors (5120K)
 Metaspace       used 100996K, committed 103040K, reserved 1179648K
  class space    used 13713K, committed 14720K, reserved 1048576K
}
Event: 94.284 GC heap before
{Heap before GC invocations=35 (full 0):
 garbage-first heap   total 152576K, used 125262K [0x0000000080000000, 0x0000000100000000)
  region size 1024K, 40 young (40960K), 5 survivors (5120K)
 Metaspace       used 103336K, committed 105408K, reserved 1179648K
  class space    used 14052K, committed 15104K, reserved 1048576K
}
Event: 94.292 GC heap after
{Heap after GC invocations=36 (full 0):
 garbage-first heap   total 152576K, used 95473K [0x0000000080000000, 0x0000000100000000)
  region size 1024K, 5 young (5120K), 5 survivors (5120K)
 Metaspace       used 103336K, committed 105408K, reserved 1179648K
  class space    used 14052K, committed 15104K, reserved 1048576K
}
Event: 95.154 GC heap before
{Heap before GC invocations=36 (full 0):
 garbage-first heap   total 152576K, used 137457K [0x0000000080000000, 0x0000000100000000)
  region size 1024K, 47 young (48128K), 5 survivors (5120K)
 Metaspace       used 103743K, committed 105792K, reserved 1179648K
  class space    used 14132K, committed 15168K, reserved 1048576K
}
Event: 95.163 GC heap after
{Heap after GC invocations=37 (full 0):
 garbage-first heap   total 152576K, used 98341K [0x0000000080000000, 0x0000000100000000)
  region size 1024K, 5 young (5120K), 5 survivors (5120K)
 Metaspace       used 103743K, committed 105792K, reserved 1179648K
  class space    used 14132K, committed 15168K, reserved 1048576K
}
Event: 96.658 GC heap before
{Heap before GC invocations=37 (full 0):
 garbage-first heap   total 152576K, used 137253K [0x0000000080000000, 0x0000000100000000)
  region size 1024K, 44 young (45056K), 5 survivors (5120K)
 Metaspace       used 104031K, committed 106112K, reserved 1179648K
  class space    used 14167K, committed 15232K, reserved 1048576K
}
Event: 96.664 GC heap after
{Heap after GC invocations=38 (full 0):
 garbage-first heap   total 152576K, used 100809K [0x0000000080000000, 0x0000000100000000)
  region size 1024K, 5 young (5120K), 5 survivors (5120K)
 Metaspace       used 104031K, committed 106112K, reserved 1179648K
  class space    used 14167K, committed 15232K, reserved 1048576K
}
Event: 97.492 GC heap before
{Heap before GC invocations=39 (full 0):
 garbage-first heap   total 168960K, used 141769K [0x0000000080000000, 0x0000000100000000)
  region size 1024K, 41 young (41984K), 5 survivors (5120K)
 Metaspace       used 105613K, committed 107648K, reserved 1179648K
  class space    used 14299K, committed 15360K, reserved 1048576K
}
Event: 97.498 GC heap after
{Heap after GC invocations=40 (full 0):
 garbage-first heap   total 168960K, used 102870K [0x0000000080000000, 0x0000000100000000)
  region size 1024K, 5 young (5120K), 5 survivors (5120K)
 Metaspace       used 105613K, committed 107648K, reserved 1179648K
  class space    used 14299K, committed 15360K, reserved 1048576K
}

